0 info it worked if it ends with ok
1 verbose cli [ '/usr/bin/nodejs',
1 verbose cli   '/usr/bin/npm',
1 verbose cli   'install',
1 verbose cli   '-D',
1 verbose cli   'distill-template' ]
2 info using npm@3.5.2
3 info using node@v4.2.6
4 silly loadCurrentTree Starting
5 silly install loadCurrentTree
6 silly install readLocalPackageData
7 silly fetchPackageMetaData distill-template
8 silly fetchNamedPackageData distill-template
9 silly mapToRegistry name distill-template
10 silly mapToRegistry using default registry
11 silly mapToRegistry registry https://registry.npmjs.org/
12 silly mapToRegistry uri https://registry.npmjs.org/distill-template
13 verbose request uri https://registry.npmjs.org/distill-template
14 verbose request no auth needed
15 info attempt registry request try #1 at 2:02:28 PM
16 verbose request id 23fb8ed5e3342653
17 http request GET https://registry.npmjs.org/distill-template
18 http 200 https://registry.npmjs.org/distill-template
19 verbose headers { 'content-type': 'application/json; charset=UTF-8',
19 verbose headers   server: 'UploadServer',
19 verbose headers   'cache-control': 'max-age=300',
19 verbose headers   'last-modified': 'Fri, 16 Jun 2017 17:35:13 GMT',
19 verbose headers   etag: '"594416d1-8bd3"',
19 verbose headers   'x-npm-region': 'US-West',
19 verbose headers   'content-encoding': 'gzip',
19 verbose headers   'content-length': '4092',
19 verbose headers   'accept-ranges': 'bytes',
19 verbose headers   date: 'Fri, 23 Feb 2018 22:02:29 GMT',
19 verbose headers   via: '1.1 varnish',
19 verbose headers   age: '0',
19 verbose headers   connection: 'keep-alive',
19 verbose headers   'x-served-by': 'cache-sjc3644-SJC',
19 verbose headers   'x-cache': 'MISS',
19 verbose headers   'x-cache-hits': '0',
19 verbose headers   'x-timer': 'S1519423349.052372,VS0,VE92',
19 verbose headers   vary: 'Accept-Encoding, Accept' }
20 silly get cb [ 200,
20 silly get   { 'content-type': 'application/json; charset=UTF-8',
20 silly get     server: 'UploadServer',
20 silly get     'cache-control': 'max-age=300',
20 silly get     'last-modified': 'Fri, 16 Jun 2017 17:35:13 GMT',
20 silly get     etag: '"594416d1-8bd3"',
20 silly get     'x-npm-region': 'US-West',
20 silly get     'content-encoding': 'gzip',
20 silly get     'content-length': '4092',
20 silly get     'accept-ranges': 'bytes',
20 silly get     date: 'Fri, 23 Feb 2018 22:02:29 GMT',
20 silly get     via: '1.1 varnish',
20 silly get     age: '0',
20 silly get     connection: 'keep-alive',
20 silly get     'x-served-by': 'cache-sjc3644-SJC',
20 silly get     'x-cache': 'MISS',
20 silly get     'x-cache-hits': '0',
20 silly get     'x-timer': 'S1519423349.052372,VS0,VE92',
20 silly get     vary: 'Accept-Encoding, Accept' } ]
21 verbose get saving distill-template to /home/annashch/.npm/registry.npmjs.org/distill-template/.cache.json
22 verbose makeDirectory /home/annashch/.npm creation not in flight; initializing
23 silly makeDirectory /home/annashch/.npm uid: 1001 gid: 1001
24 silly install normalizeTree
25 silly loadCurrentTree Finishing
26 silly loadIdealTree Starting
27 silly install loadIdealTree
28 silly cloneCurrentTree Starting
29 silly install cloneCurrentTreeToIdealTree
30 silly cloneCurrentTree Finishing
31 silly loadShrinkwrap Starting
32 silly install loadShrinkwrap
33 silly loadShrinkwrap Finishing
34 silly loadAllDepsIntoIdealTree Starting
35 silly install loadAllDepsIntoIdealTree
36 silly rollbackFailedOptional Starting
37 silly rollbackFailedOptional Finishing
38 silly runTopLevelLifecycles Starting
39 silly runTopLevelLifecycles Finishing
40 silly install printInstalled
41 verbose stack Error: Refusing to install distill-template as a dependency of itself
41 verbose stack     at checkSelf (/usr/share/npm/lib/install/validate-args.js:40:14)
41 verbose stack     at Array.<anonymous> (/usr/share/npm/node_modules/slide/lib/bind-actor.js:15:8)
41 verbose stack     at LOOP (/usr/share/npm/node_modules/slide/lib/chain.js:15:14)
41 verbose stack     at chain (/usr/share/npm/node_modules/slide/lib/chain.js:20:5)
41 verbose stack     at /usr/share/npm/lib/install/validate-args.js:15:5
41 verbose stack     at /usr/share/npm/node_modules/slide/lib/async-map.js:52:35
41 verbose stack     at Array.forEach (native)
41 verbose stack     at /usr/share/npm/node_modules/slide/lib/async-map.js:52:11
41 verbose stack     at Array.forEach (native)
41 verbose stack     at asyncMap (/usr/share/npm/node_modules/slide/lib/async-map.js:51:8)
42 verbose cwd /home/annashch/kundajelab.github.io
43 error Linux 4.4.0-116-generic
44 error argv "/usr/bin/nodejs" "/usr/bin/npm" "install" "-D" "distill-template"
45 error node v4.2.6
46 error npm  v3.5.2
47 error code ENOSELF
48 error Refusing to install distill-template as a dependency of itself
49 error If you need help, you may report this error at:
49 error     <https://github.com/npm/npm/issues>
50 verbose exit [ 1, true ]
